app/build/outputs/logs/manifest-merger-debug-report.txt
-- Merging decision tree log ---
manifest
ADDED from src/main/AndroidManifest.xml:2:1-116:12
	xmlns:android
		ADDED from src/main/AndroidManifest.xml:2:11-69
	package
		ADDED from src/main/AndroidManifest.xml:3:5-44
		INJECTED from src/main/AndroidManifest.xml
		INJECTED from src/main/AndroidManifest.xml
	android:versionName
		INJECTED from src/main/AndroidManifest.xml
		INJECTED from src/main/AndroidManifest.xml
	android:versionCode
		INJECTED from src/main/AndroidManifest.xml
		INJECTED from src/main/AndroidManifest.xml
uses-permission#android.permission.INTERNET
ADDED from src/main/AndroidManifest.xml:5:5-67
MERGED from [com.google.android.gms:play-services-maps:7.8.0] AndroidManifest.xml:21:5-66
	android:name
		ADDED from src/main/AndroidManifest.xml:5:22-64
uses-permission#android.permission.ACCESS_NETWORK_STATE
ADDED from src/main/AndroidManifest.xml:6:5-79
MERGED from [com.google.android.gms:play-services-maps:7.8.0] AndroidManifest.xml:20:5-78
	android:name
		ADDED from src/main/AndroidManifest.xml:6:22-76
uses-permission#android.permission.WRITE_EXTERNAL_STORAGE
ADDED from src/main/AndroidManifest.xml:7:5-81
MERGED from [com.google.android.gms:play-services-maps:7.8.0] AndroidManifest.xml:22:5-80
	android:name
		ADDED from src/main/AndroidManifest.xml:7:22-78
uses-permission#android.permission.CHANGE_NETWORK_STATE
ADDED from src/main/AndroidManifest.xml:8:5-79
	android:name
		ADDED from src/main/AndroidManifest.xml:8:22-76
uses-permission#android.permission.ACCESS_FINE_LOCATION
ADDED from src/main/AndroidManifest.xml:9:5-79
	android:name
		ADDED from src/main/AndroidManifest.xml:9:22-76
uses-permission#android.permission.ACCESS_COARSE_LOCATION
ADDED from src/main/AndroidManifest.xml:10:5-81
	android:name
		ADDED from src/main/AndroidManifest.xml:10:22-78
uses-feature#0x00020000
ADDED from src/main/AndroidManifest.xml:12:5-14:35
MERGED from [com.google.android.gms:play-services-maps:7.8.0] AndroidManifest.xml:23:5-25:33
	android:required
		ADDED from src/main/AndroidManifest.xml:14:9-32
	android:glEsVersion
		ADDED from src/main/AndroidManifest.xml:13:9-41
application
ADDED from src/main/AndroidManifest.xml:16:5-114:19
MERGED from [com.android.support:appcompat-v7:23.0.1] AndroidManifest.xml:22:5-20
MERGED from [com.android.support:support-v4:23.0.1] AndroidManifest.xml:22:5-20
MERGED from [com.android.support:design:23.0.1] AndroidManifest.xml:22:5-20
MERGED from [com.android.support:support-v4:23.0.1] AndroidManifest.xml:22:5-20
MERGED from [com.android.support:appcompat-v7:23.0.1] AndroidManifest.xml:22:5-20
MERGED from [com.android.support:support-v4:23.0.1] AndroidManifest.xml:22:5-20
MERGED from [com.android.support:cardview-v7:23.0.1] AndroidManifest.xml:22:5-20
MERGED from [com.android.support:support-v4:23.0.1] AndroidManifest.xml:22:5-20
MERGED from [com.google.android.gms:play-services-location:7.8.0] AndroidManifest.xml:19:5-20
MERGED from [com.google.android.gms:play-services-base:7.8.0] AndroidManifest.xml:20:5-24:19
MERGED from [com.android.support:support-v4:23.0.1] AndroidManifest.xml:22:5-20
MERGED from [com.google.android.gms:play-services-maps:7.8.0] AndroidManifest.xml:28:5-20
MERGED from [com.google.android.gms:play-services-base:7.8.0] AndroidManifest.xml:20:5-24:19
MERGED from [com.android.support:support-v4:23.0.1] AndroidManifest.xml:22:5-20
MERGED from [com.getbase:floatingactionbutton:1.10.0] AndroidManifest.xml:12:5-20
MERGED from [com.android.support:customtabs:23.0.1] AndroidManifest.xml:22:5-20
MERGED from [com.android.support:support-v4:23.0.1] AndroidManifest.xml:22:5-20
	android:label
		ADDED from src/main/AndroidManifest.xml:19:9-41
	android:allowBackup
		ADDED from src/main/AndroidManifest.xml:17:9-35
	android:icon
		ADDED from src/main/AndroidManifest.xml:18:9-43
	android:theme
		ADDED from src/main/AndroidManifest.xml:20:9-40
activity#com.swifta.zenith.marketplace.Activities.HomeActivity
ADDED from src/main/AndroidManifest.xml:21:9-29:20
	android:label
		ADDED from src/main/AndroidManifest.xml:23:13-45
	android:name
		ADDED from src/main/AndroidManifest.xml:22:13-52
intent-filter#android.intent.action.MAIN+android.intent.category.LAUNCHER
ADDED from src/main/AndroidManifest.xml:24:13-28:29
action#android.intent.action.MAIN
ADDED from src/main/AndroidManifest.xml:25:17-69
	android:name
		ADDED from src/main/AndroidManifest.xml:25:25-66
category#android.intent.category.LAUNCHER
ADDED from src/main/AndroidManifest.xml:27:17-77
	android:name
		ADDED from src/main/AndroidManifest.xml:27:27-74
activity#com.swifta.zenith.marketplace.Activities.DealsActivity
ADDED from src/main/AndroidManifest.xml:30:9-32:60
	android:label
		ADDED from src/main/AndroidManifest.xml:32:13-57
	android:name
		ADDED from src/main/AndroidManifest.xml:31:13-53
activity#com.swifta.zenith.marketplace.Activities.AuctionsActivity
ADDED from src/main/AndroidManifest.xml:33:9-35:63
	android:label
		ADDED from src/main/AndroidManifest.xml:35:13-60
	android:name
		ADDED from src/main/AndroidManifest.xml:34:13-56
activity#com.swifta.zenith.marketplace.Activities.StoreCreditActivity
ADDED from src/main/AndroidManifest.xml:36:9-38:67
	android:label
		ADDED from src/main/AndroidManifest.xml:38:13-64
	android:name
		ADDED from src/main/AndroidManifest.xml:37:13-59
activity#com.swifta.zenith.marketplace.Activities.SoldOutActivity
ADDED from src/main/AndroidManifest.xml:39:9-41:63
	android:label
		ADDED from src/main/AndroidManifest.xml:41:13-60
	android:name
		ADDED from src/main/AndroidManifest.xml:40:13-55
activity#com.swifta.zenith.marketplace.Activities.NearActivity
ADDED from src/main/AndroidManifest.xml:42:9-44:62
	android:label
		ADDED from src/main/AndroidManifest.xml:44:13-59
	android:name
		ADDED from src/main/AndroidManifest.xml:43:13-52
activity#com.swifta.zenith.marketplace.Activities.StoresActivity
ADDED from src/main/AndroidManifest.xml:45:9-47:61
	android:label
		ADDED from src/main/AndroidManifest.xml:47:13-58
	android:name
		ADDED from src/main/AndroidManifest.xml:46:13-54
activity#com.swifta.zenith.marketplace.Activities.RegisterActivity
ADDED from src/main/AndroidManifest.xml:48:9-56:20
	android:label
		ADDED from src/main/AndroidManifest.xml:50:13-60
	android:theme
		ADDED from src/main/AndroidManifest.xml:52:13-52
	android:parentActivityName
		ADDED from src/main/AndroidManifest.xml:51:13-66
	android:name
		ADDED from src/main/AndroidManifest.xml:49:13-56
meta-data#android.support.PARENT_ACTIVITY
ADDED from src/main/AndroidManifest.xml:53:13-55:60
	android:name
		ADDED from src/main/AndroidManifest.xml:54:17-63
	android:value
		ADDED from src/main/AndroidManifest.xml:55:17-57
activity#com.swifta.zenith.marketplace.Activities.SignInActivity
ADDED from src/main/AndroidManifest.xml:57:9-65:20
	android:label
		ADDED from src/main/AndroidManifest.xml:59:13-59
	android:theme
		ADDED from src/main/AndroidManifest.xml:61:13-52
	android:parentActivityName
		ADDED from src/main/AndroidManifest.xml:60:13-66
	android:name
		ADDED from src/main/AndroidManifest.xml:58:13-54
activity#com.swifta.zenith.marketplace.Activities.AllProductsActivity
ADDED from src/main/AndroidManifest.xml:66:9-74:20
	android:label
		ADDED from src/main/AndroidManifest.xml:68:13-64
	android:theme
		ADDED from src/main/AndroidManifest.xml:70:13-52
	android:parentActivityName
		ADDED from src/main/AndroidManifest.xml:69:13-66
	android:name
		ADDED from src/main/AndroidManifest.xml:67:13-59
activity#com.swifta.zenith.marketplace.Activities.ProductCategoryActivity
ADDED from src/main/AndroidManifest.xml:75:9-77:67
	android:label
		ADDED from src/main/AndroidManifest.xml:77:13-64
	android:name
		ADDED from src/main/AndroidManifest.xml:76:13-63
activity#com.swifta.zenith.marketplace.Activities.CategoryActivity
ADDED from src/main/AndroidManifest.xml:78:9-80:63
	android:label
		ADDED from src/main/AndroidManifest.xml:80:13-60
	android:name
		ADDED from src/main/AndroidManifest.xml:79:13-56
meta-data#com.google.android.geo.API_KEY
ADDED from src/main/AndroidManifest.xml:82:9-84:71
	android:name
		ADDED from src/main/AndroidManifest.xml:83:13-58
	android:value
		ADDED from src/main/AndroidManifest.xml:84:13-68
meta-data#com.google.android.gms.version
ADDED from src/main/AndroidManifest.xml:85:9-87:69
MERGED from [com.google.android.gms:play-services-base:7.8.0] AndroidManifest.xml:21:9-23:69
MERGED from [com.google.android.gms:play-services-base:7.8.0] AndroidManifest.xml:21:9-23:69
	android:name
		ADDED from src/main/AndroidManifest.xml:86:13-58
	android:value
		ADDED from src/main/AndroidManifest.xml:87:13-66
activity#com.swifta.zenith.marketplace.Activities.ProductDetailsActivity
ADDED from src/main/AndroidManifest.xml:89:9-91:70
	android:label
		ADDED from src/main/AndroidManifest.xml:91:13-67
	android:name
		ADDED from src/main/AndroidManifest.xml:90:13-62
activity#com.swifta.zenith.marketplace.Activities.SubCategoryActivity
ADDED from src/main/AndroidManifest.xml:92:9-94:75
	android:label
		ADDED from src/main/AndroidManifest.xml:94:13-72
	android:name
		ADDED from src/main/AndroidManifest.xml:93:13-59
activity#com.swifta.zenith.marketplace.Activities.StoreDetailsActivity
ADDED from src/main/AndroidManifest.xml:95:9-97:68
	android:label
		ADDED from src/main/AndroidManifest.xml:97:13-65
	android:name
		ADDED from src/main/AndroidManifest.xml:96:13-60
activity#com.swifta.zenith.marketplace.Activities.AllDealsActivity
ADDED from src/main/AndroidManifest.xml:98:9-101:20
	android:label
		ADDED from src/main/AndroidManifest.xml:100:13-61
	android:name
		ADDED from src/main/AndroidManifest.xml:99:13-56
activity#com.swifta.zenith.marketplace.Activities.DealsDetailsActivity
ADDED from src/main/AndroidManifest.xml:102:9-105:20
	android:label
		ADDED from src/main/AndroidManifest.xml:104:13-65
	android:name
		ADDED from src/main/AndroidManifest.xml:103:13-60
activity#com.swifta.zenith.marketplace.Activities.AuctionDetailsActivity
ADDED from src/main/AndroidManifest.xml:106:9-109:20
	android:label
		ADDED from src/main/AndroidManifest.xml:108:13-67
	android:name
		ADDED from src/main/AndroidManifest.xml:107:13-62
activity#com.swifta.zenith.marketplace.Activities.AllAuctionActivity
ADDED from src/main/AndroidManifest.xml:110:9-113:20
	android:label
		ADDED from src/main/AndroidManifest.xml:112:13-63
	android:name
		ADDED from src/main/AndroidManifest.xml:111:13-58
uses-sdk
INJECTED from src/main/AndroidManifest.xml reason: use-sdk injection requested
MERGED from [com.android.support:appcompat-v7:23.0.1] AndroidManifest.xml:20:5-43
MERGED from [com.android.support:support-v4:23.0.1] AndroidManifest.xml:20:5-43
MERGED from [com.android.support:design:23.0.1] AndroidManifest.xml:20:5-43
MERGED from [com.android.support:support-v4:23.0.1] AndroidManifest.xml:20:5-43
MERGED from [com.android.support:appcompat-v7:23.0.1] AndroidManifest.xml:20:5-43
MERGED from [com.android.support:support-v4:23.0.1] AndroidManifest.xml:20:5-43
MERGED from [com.android.support:cardview-v7:23.0.1] AndroidManifest.xml:20:5-43
MERGED from [com.android.support:recyclerview-v7:23.0.1] AndroidManifest.xml:20:5-43
MERGED from [com.android.support:support-v4:23.0.1] AndroidManifest.xml:20:5-43
MERGED from [com.google.android.gms:play-services-location:7.8.0] AndroidManifest.xml:18:5-42
MERGED from [com.google.android.gms:play-services-base:7.8.0] AndroidManifest.xml:18:5-42
MERGED from [com.android.support:support-v4:23.0.1] AndroidManifest.xml:20:5-43
MERGED from [com.google.android.gms:play-services-maps:7.8.0] AndroidManifest.xml:27:5-42
MERGED from [com.google.android.gms:play-services-base:7.8.0] AndroidManifest.xml:18:5-42
MERGED from [com.android.support:support-v4:23.0.1] AndroidManifest.xml:20:5-43
MERGED from [com.getbase:floatingactionbutton:1.10.0] AndroidManifest.xml:8:5-10:41
MERGED from [com.android.support:customtabs:23.0.1] AndroidManifest.xml:20:5-44
MERGED from [com.android.support:support-v4:23.0.1] AndroidManifest.xml:20:5-43
	android:targetSdkVersion
		INJECTED from src/main/AndroidManifest.xml
		INJECTED from src/main/AndroidManifest.xml
	android:minSdkVersion
		INJECTED from src/main/AndroidManifest.xml
		INJECTED from src/main/AndroidManifest.xml
android:uses-permission#android.permission.READ_EXTERNAL_STORAGE
IMPLIED from src/main/AndroidManifest.xml:2:1-116:12 reason: com.google.android.gms.maps requested WRITE_EXTERNAL_STORAGE